=== File: ./router.py ===

Basic Metrics for module ./router.py
------------------------------------

          3    maxBlockDepth
          8    numBlocks
       1072    numCharacters
          1    numClassDocStrings
          1    numClasses
          5    numDocStrings
          4    numFcnDocStrings
          3    numFunctions
         16    numKeywords
         42    numLines
          1    numModuleDocStrings
        245    numTokens

        100.00 %ClassesHavingDocStrings
        100.00 %FunctionsHavingDocStrings

Functions DocString present(+) or missing(-)
--------------------------------------------

+ DBRouter.allow_syncdb
+ DBRouter.db_for_read
+ DBRouter.db_for_write
+ __main__


Classes DocString present(+) or missing(-)
------------------------------------------

+ DBRouter


McCabe Complexity Metric for file ./router.py
----------------------------------------------

          2    DBRouter.allow_syncdb
          2    DBRouter.db_for_read
          2    DBRouter.db_for_write
          1    __main__


COCOMO 2's SLOC Metric for ./router.py
---------------------------------------

         19    ./router.py

=== File: ./sqldump.py ===

Basic Metrics for module ./sqldump.py
-------------------------------------

          2    maxBlockDepth
          3    numBlocks
        232    numCharacters
          1    numComments
          1    numDocStrings
          1    numFcnDocStrings
          5    numKeywords
         12    numLines
          1    numModuleDocStrings
         62    numTokens

          8.33 %Comments
        100.00 %FunctionsHavingDocStrings

Functions DocString present(+) or missing(-)
--------------------------------------------

+ __main__


McCabe Complexity Metric for file ./sqldump.py
-----------------------------------------------

          3    __main__


COCOMO 2's SLOC Metric for ./sqldump.py
----------------------------------------

          5    ./sqldump.py

=== File: ./cygapp/policy_views.py ===
In file ./cygapp/policy_views.py, function search has 1 extra exit at line 224
In file ./cygapp/policy_views.py, function check_range has 4 extra exits at lines 233, 240, 247, 250
In file ./cygapp/policy_views.py, function invert_range has 2 extra exits at lines 261, 262

Basic Metrics for module ./cygapp/policy_views.py
-------------------------------------------------

          4    maxBlockDepth
         64    numBlocks
       8992    numCharacters
          4    numComments
          1    numCommentsInline
         11    numDocStrings
         11    numFcnDocStrings
         10    numFunctions
        140    numKeywords
        320    numLines
          1    numModuleDocStrings
          3    numMultipleExitFcns
       2992    numTokens

          1.25 %Comments
          0.31 %CommentsInline
        100.00 %FunctionsHavingDocStrings

Functions DocString present(+) or missing(-)
--------------------------------------------

+ __main__
+ add
+ check
+ check_range
+ delete
+ invert_range
+ paginate
+ policies
+ policy
+ save
+ search


McCabe Complexity Metric for file ./cygapp/policy_views.py
-----------------------------------------------------------

          1    __main__
          1    add
          3    check
         11    check_range
          1    delete
         19    invert_range
          1    paginate
          1    policies
          3    policy
         16    save
          3    search


COCOMO 2's SLOC Metric for ./cygapp/policy_views.py
----------------------------------------------------

        229    ./cygapp/policy_views.py

=== File: ./cygapp/tests.py ===

Basic Metrics for module ./cygapp/tests.py
------------------------------------------

          3    maxBlockDepth
         18    numBlocks
      13000    numCharacters
          1    numClasses
         13    numComments
          4    numCommentsInline
          1    numDocStrings
          1    numFcnDocStrings
         12    numFunctions
        105    numKeywords
        336    numLines
          1    numModuleDocStrings
       3797    numTokens

          3.87 %Comments
          1.19 %CommentsInline
          7.69 %FunctionsHavingDocStrings

Functions DocString present(+) or missing(-)
--------------------------------------------

+ __main__
- cygappTest.setUp
- cygappTest.test_actionInheritance
- cygappTest.test_check_range
- cygappTest.test_create_work_items
- cygappTest.test_generate_results
- cygappTest.test_getGroupSet
- cygappTest.test_imv_login
- cygappTest.test_invert_range
- cygappTest.test_is_due_for
- cygappTest.test_policy_dir_protection
- cygappTest.test_policy_file_protection
- cygappTest.test_purge_dead_sessions


Classes DocString present(+) or missing(-)
------------------------------------------

- cygappTest


McCabe Complexity Metric for file ./cygapp/tests.py
----------------------------------------------------

          1    __main__
          1    cygappTest.setUp
          1    cygappTest.test_actionInheritance
          1    cygappTest.test_check_range
          1    cygappTest.test_create_work_items
          1    cygappTest.test_generate_results
          1    cygappTest.test_getGroupSet
          1    cygappTest.test_imv_login
          4    cygappTest.test_invert_range
          1    cygappTest.test_is_due_for
          1    cygappTest.test_policy_dir_protection
          1    cygappTest.test_policy_file_protection
          2    cygappTest.test_purge_dead_sessions


COCOMO 2's SLOC Metric for ./cygapp/tests.py
---------------------------------------------

        225    ./cygapp/tests.py

=== File: ./cygapp/urls.py ===

Basic Metrics for module ./cygapp/urls.py
-----------------------------------------

          1    numBlocks
       5026    numCharacters
          1    numComments
          1    numCommentsInline
          1    numDocStrings
          1    numFcnDocStrings
          5    numKeywords
        102    numLines
          1    numModuleDocStrings
       1091    numTokens

          0.98 %Comments
          0.98 %CommentsInline
        100.00 %FunctionsHavingDocStrings

Functions DocString present(+) or missing(-)
--------------------------------------------

+ __main__


McCabe Complexity Metric for file ./cygapp/urls.py
---------------------------------------------------

          1    __main__


COCOMO 2's SLOC Metric for ./cygapp/urls.py
--------------------------------------------

         63    ./cygapp/urls.py

=== File: ./cygapp/management/commands/setpassword.py ===
In file ./cygapp/management/commands/setpassword.py, function Command.handle has 1 extra exit at line 38

Basic Metrics for module ./cygapp/management/commands/setpassword.py
--------------------------------------------------------------------

          4    maxBlockDepth
          8    numBlocks
       1176    numCharacters
          1    numClassDocStrings
          1    numClasses
          2    numDocStrings
          1    numFcnDocStrings
          1    numFunctions
         21    numKeywords
         43    numLines
          1    numModuleDocStrings
          1    numMultipleExitFcns
        283    numTokens

        100.00 %ClassesHavingDocStrings
         50.00 %FunctionsHavingDocStrings

Functions DocString present(+) or missing(-)
--------------------------------------------

- Command.handle
+ __main__


Classes DocString present(+) or missing(-)
------------------------------------------

+ Command


McCabe Complexity Metric for file ./cygapp/management/commands/setpassword.py
------------------------------------------------------------------------------

          5    Command.handle
          1    __main__


COCOMO 2's SLOC Metric for ./cygapp/management/commands/setpassword.py
-----------------------------------------------------------------------

         24    ./cygapp/management/commands/setpassword.py

=== File: ./cygapp/device_views.py ===
In file ./cygapp/device_views.py, function save has 6 extra exits at lines 87, 95, 99, 103, 107, 112
In file ./cygapp/device_views.py, function search has 1 extra exit at line 163

Basic Metrics for module ./cygapp/device_views.py
-------------------------------------------------

          4    maxBlockDepth
         39    numBlocks
       7635    numCharacters
          3    numComments
          1    numCommentsInline
         10    numDocStrings
         10    numFcnDocStrings
          9    numFunctions
         88    numKeywords
        249    numLines
          1    numModuleDocStrings
          2    numMultipleExitFcns
       2284    numTokens

          1.20 %Comments
          0.40 %CommentsInline
        100.00 %FunctionsHavingDocStrings

Functions DocString present(+) or missing(-)
--------------------------------------------

+ __main__
+ add
+ delete
+ device
+ devices
+ paginate
+ report
+ save
+ search
+ session


McCabe Complexity Metric for file ./cygapp/device_views.py
-----------------------------------------------------------

          1    __main__
          1    add
          1    delete
          2    device
          1    devices
          1    paginate
          6    report
         12    save
          3    search
          2    session


COCOMO 2's SLOC Metric for ./cygapp/device_views.py
----------------------------------------------------

        172    ./cygapp/device_views.py

=== File: ./cygapp/product_views.py ===
In file ./cygapp/product_views.py, function save has 3 extra exits at lines 84, 92, 96
In file ./cygapp/product_views.py, function search has 1 extra exit at line 165

Basic Metrics for module ./cygapp/product_views.py
--------------------------------------------------

          3    maxBlockDepth
         30    numBlocks
       5184    numCharacters
          3    numComments
          1    numCommentsInline
          9    numDocStrings
          9    numFcnDocStrings
          8    numFunctions
         65    numKeywords
        185    numLines
          1    numModuleDocStrings
          2    numMultipleExitFcns
       1536    numTokens

          1.62 %Comments
          0.54 %CommentsInline
        100.00 %FunctionsHavingDocStrings

Functions DocString present(+) or missing(-)
--------------------------------------------

+ __main__
+ add
+ check
+ delete
+ paginate
+ product
+ products
+ save
+ search


McCabe Complexity Metric for file ./cygapp/product_views.py
------------------------------------------------------------

          1    __main__
          1    add
          3    check
          1    delete
          1    paginate
          2    product
          1    products
         10    save
          3    search


COCOMO 2's SLOC Metric for ./cygapp/product_views.py
-----------------------------------------------------

        126    ./cygapp/product_views.py

=== File: ./cygapp/group_views.py ===
In file ./cygapp/group_views.py, function save has 4 extra exits at lines 77, 85, 89, 93

Basic Metrics for module ./cygapp/group_views.py
------------------------------------------------

          3    maxBlockDepth
         34    numBlocks
       4850    numCharacters
          1    numComments
          9    numDocStrings
          9    numFcnDocStrings
          8    numFunctions
         70    numKeywords
        189    numLines
          1    numModuleDocStrings
          1    numMultipleExitFcns
       1497    numTokens

          0.53 %Comments
        100.00 %FunctionsHavingDocStrings

Functions DocString present(+) or missing(-)
--------------------------------------------

+ __main__
+ add
+ add_children
+ check
+ delete
+ group
+ group_tree
+ groups
+ save


McCabe Complexity Metric for file ./cygapp/group_views.py
----------------------------------------------------------

          1    __main__
          1    add
          4    add_children
          3    check
          3    delete
          2    group
          2    group_tree
          1    groups
         11    save


COCOMO 2's SLOC Metric for ./cygapp/group_views.py
---------------------------------------------------

        127    ./cygapp/group_views.py

=== File: ./cygapp/file_views.py ===
In file ./cygapp/file_views.py, function save has 2 extra exits at lines 65, 69
In file ./cygapp/file_views.py, function search has 1 extra exit at line 117

Basic Metrics for module ./cygapp/file_views.py
-----------------------------------------------

          2    maxBlockDepth
         18    numBlocks
       3618    numCharacters
          3    numComments
          1    numCommentsInline
          8    numDocStrings
          8    numFcnDocStrings
          7    numFunctions
         50    numKeywords
        138    numLines
          1    numModuleDocStrings
          2    numMultipleExitFcns
       1103    numTokens

          2.17 %Comments
          0.72 %CommentsInline
        100.00 %FunctionsHavingDocStrings

Functions DocString present(+) or missing(-)
--------------------------------------------

+ __main__
+ delete
+ deleteHash
+ file
+ files
+ paginate
+ save
+ search


McCabe Complexity Metric for file ./cygapp/file_views.py
---------------------------------------------------------

          1    __main__
          1    delete
          1    deleteHash
          2    file
          1    files
          1    paginate
          3    save
          3    search


COCOMO 2's SLOC Metric for ./cygapp/file_views.py
--------------------------------------------------

         91    ./cygapp/file_views.py

=== File: ./cygapp/enforcement_views.py ===
In file ./cygapp/enforcement_views.py, function save has 7 extra exits at lines 88, 93, 98, 103, 110, 116, 126
In file ./cygapp/enforcement_views.py, function search has 1 extra exit at line 201

Basic Metrics for module ./cygapp/enforcement_views.py
------------------------------------------------------

          3    maxBlockDepth
         33    numBlocks
       6884    numCharacters
          3    numComments
          1    numCommentsInline
          9    numDocStrings
          9    numFcnDocStrings
          8    numFunctions
         92    numKeywords
        222    numLines
          1    numModuleDocStrings
          2    numMultipleExitFcns
       1993    numTokens

          1.35 %Comments
          0.45 %CommentsInline
        100.00 %FunctionsHavingDocStrings

Functions DocString present(+) or missing(-)
--------------------------------------------

+ __main__
+ add
+ check
+ delete
+ enforcement
+ enforcements
+ paginate
+ save
+ search


McCabe Complexity Metric for file ./cygapp/enforcement_views.py
----------------------------------------------------------------

          1    __main__
          1    add
          9    check
          1    delete
          2    enforcement
          1    enforcements
          1    paginate
         11    save
          3    search


COCOMO 2's SLOC Metric for ./cygapp/enforcement_views.py
---------------------------------------------------------

        157    ./cygapp/enforcement_views.py

=== File: ./cygapp/views.py ===
In file ./cygapp/views.py, function start_session has 2 extra exits at lines 36, 41
In file ./cygapp/views.py, function end_session has 1 extra exit at line 72
In file ./cygapp/views.py, function login has 3 extra exits at lines 120, 122, 127

Basic Metrics for module ./cygapp/views.py
------------------------------------------

          4    maxBlockDepth
         32    numBlocks
       5230    numCharacters
          4    numComments
          1    numCommentsInline
          9    numDocStrings
          9    numFcnDocStrings
          8    numFunctions
         82    numKeywords
        180    numLines
          1    numModuleDocStrings
          3    numMultipleExitFcns
       1467    numTokens

          2.22 %Comments
          0.56 %CommentsInline
        100.00 %FunctionsHavingDocStrings

Functions DocString present(+) or missing(-)
--------------------------------------------

+ __main__
+ end_session
+ generate_results
+ login
+ logout
+ overview
+ purge_dead_sessions
+ start_session
+ statistics


McCabe Complexity Metric for file ./cygapp/views.py
----------------------------------------------------

          1    __main__
          1    end_session
          6    generate_results
          7    login
          1    logout
          1    overview
          2    purge_dead_sessions
          6    start_session
          3    statistics


COCOMO 2's SLOC Metric for ./cygapp/views.py
---------------------------------------------

        105    ./cygapp/views.py

=== File: ./cygapp/simIMV.py ===

Basic Metrics for module ./cygapp/simIMV.py
-------------------------------------------

          2    maxBlockDepth
          9    numBlocks
       2078    numCharacters
          1    numComments
          4    numDocStrings
          4    numFcnDocStrings
          3    numFunctions
         23    numKeywords
         72    numLines
          1    numModuleDocStrings
        599    numTokens

          1.39 %Comments
        100.00 %FunctionsHavingDocStrings

Functions DocString present(+) or missing(-)
--------------------------------------------

+ __main__
+ finish_login
+ run_test
+ start_login


McCabe Complexity Metric for file ./cygapp/simIMV.py
-----------------------------------------------------

          1    __main__
          4    finish_login
          2    run_test
          4    start_login


COCOMO 2's SLOC Metric for ./cygapp/simIMV.py
----------------------------------------------

         42    ./cygapp/simIMV.py

=== File: ./cygapp/models.py ===
In file ./cygapp/models.py, function Device.__unicode__ has 2 extra exits at lines 67, 69
In file ./cygapp/models.py, function Device.is_due_for has 3 extra exits at lines 104, 106, 112
In file ./cygapp/models.py, function Group.get_parents has 1 extra exit at line 163

Basic Metrics for module ./cygapp/models.py
-------------------------------------------

          6    maxBlockDepth
         73    numBlocks
      12952    numCharacters
         18    numClassDocStrings
         33    numClasses
          2    numComments
          1    numCommentsInline
         25    numDocStrings
          8    numFcnDocStrings
         21    numFunctions
        183    numKeywords
        429    numLines
          1    numModuleDocStrings
          3    numMultipleExitFcns
       3527    numTokens

         54.55 %ClassesHavingDocStrings
          0.47 %Comments
          0.23 %CommentsInline
         36.36 %FunctionsHavingDocStrings

Functions DocString present(+) or missing(-)
--------------------------------------------

- Algorithm.__unicode__
- BinaryField.__init__
+ BinaryField.db_type
- Device.__unicode__
+ Device.create_work_items
+ Device.get_group_set
+ Device.get_inherit_set
+ Device.is_due_for
- Directory.__unicode__
- Enforcement.__unicode__
- File.__unicode__
- FileHash.__unicode__
- Group.__unicode__
+ Group.get_parents
- HashField.get_prep_value
- HashField.to_python
- Package.__unicode__
- Policy.__unicode__
+ Policy.create_work_item
- Product.__unicode__
- Version.__unicode__
+ __main__


Classes DocString present(+) or missing(-)
------------------------------------------

+ Action
+ Algorithm
- Algorithm.Meta
+ BinaryField
+ Device
- Device.Meta
+ Directory
- Directory.Meta
+ Enforcement
- Enforcement.Meta
+ File
- File.Meta
+ FileHash
- FileHash.Meta
+ Group
- Group.Meta
+ HashField
+ Identity
- Identity.Meta
+ Package
- Package.Meta
+ Policy
- Policy.Meta
+ Product
- Product.Meta
+ Result
- Result.Meta
+ Session
- Session.Meta
+ Version
- Version.Meta
+ WorkItem
- WorkItem.Meta


McCabe Complexity Metric for file ./cygapp/models.py
-----------------------------------------------------

          1    Algorithm.__unicode__
          1    BinaryField.__init__
          1    BinaryField.db_type
          3    Device.__unicode__
          8    Device.create_work_items
          2    Device.get_group_set
          2    Device.get_inherit_set
          2    Device.is_due_for
          1    Directory.__unicode__
          1    Enforcement.__unicode__
          1    File.__unicode__
          1    FileHash.__unicode__
          1    Group.__unicode__
          2    Group.get_parents
          1    HashField.get_prep_value
          1    HashField.to_python
          1    Package.__unicode__
          1    Policy.__unicode__
          3    Policy.create_work_item
          1    Product.__unicode__
          1    Version.__unicode__
          5    __main__


COCOMO 2's SLOC Metric for ./cygapp/models.py
----------------------------------------------

        256    ./cygapp/models.py

=== File: ./cygapp/search_views.py ===

Basic Metrics for module ./cygapp/search_views.py
-------------------------------------------------

          2    maxBlockDepth
          3    numBlocks
       2026    numCharacters
          2    numDocStrings
          2    numFcnDocStrings
          1    numFunctions
         16    numKeywords
         48    numLines
          1    numModuleDocStrings
        602    numTokens

        100.00 %FunctionsHavingDocStrings

Functions DocString present(+) or missing(-)
--------------------------------------------

+ __main__
+ search


McCabe Complexity Metric for file ./cygapp/search_views.py
-----------------------------------------------------------

          1    __main__
          2    search


COCOMO 2's SLOC Metric for ./cygapp/search_views.py
----------------------------------------------------

         37    ./cygapp/search_views.py

=== File: ./cygapp/package_views.py ===
In file ./cygapp/package_views.py, function save has 2 extra exits at lines 78, 82
In file ./cygapp/package_views.py, function search has 1 extra exit at line 169

Basic Metrics for module ./cygapp/package_views.py
--------------------------------------------------

          4    maxBlockDepth
         30    numBlocks
       5377    numCharacters
          4    numComments
          1    numCommentsInline
         10    numDocStrings
         10    numFcnDocStrings
          9    numFunctions
         71    numKeywords
        190    numLines
          1    numModuleDocStrings
          2    numMultipleExitFcns
       1561    numTokens

          2.11 %Comments
          0.53 %CommentsInline
        100.00 %FunctionsHavingDocStrings

Functions DocString present(+) or missing(-)
--------------------------------------------

+ __main__
+ add
+ check
+ delete
+ package
+ packages
+ paginate
+ save
+ search
+ toggle_version


McCabe Complexity Metric for file ./cygapp/package_views.py
------------------------------------------------------------

          1    __main__
          1    add
          3    check
          1    delete
          2    package
          1    packages
          1    paginate
          9    save
          3    search
          9    toggle_version


COCOMO 2's SLOC Metric for ./cygapp/package_views.py
-----------------------------------------------------

        128    ./cygapp/package_views.py


*** Processed 16 modules in run ***
